2022-12-26 16:31:17,251 Starting Bokeh server version 2.4.3 (running on Tornado 6.0.4)
2022-12-26 16:31:17,253 Host wildcard '*' will allow connections originating from multiple (or possibly all) hostnames or IPs. Use non-wildcard values to restrict access explicitly
2022-12-26 16:31:17,254 User authentication hooks NOT provided (default user enabled)
2022-12-26 16:31:17,257 Bokeh app running at: http://localhost:5055/alarm/alarm
2022-12-26 16:31:17,257 Starting Bokeh server with process id: 7715
2022-12-26 16:47:51,586 WebSocket connection opened
2022-12-26 16:47:51,587 ServerConnection created
2022-12-26 16:55:33,489 WebSocket connection closed: code=1001, reason=None
2022-12-26 16:55:43,816 WebSocket connection opened
2022-12-26 16:55:43,816 ServerConnection created
2022-12-26 16:57:27,451 WebSocket connection closed: code=1001, reason=None
2022-12-26 16:57:44,730 WebSocket connection opened
2022-12-26 16:57:44,731 ServerConnection created
2022-12-26 17:06:01,650 WebSocket connection closed: code=1001, reason=None
2022-12-26 17:06:09,900 WebSocket connection opened
2022-12-26 17:06:09,901 ServerConnection created
2022-12-26 17:25:01,217 WebSocket connection opened
2022-12-26 17:25:01,218 ServerConnection created
2022-12-26 17:30:29,937 WebSocket connection closed: code=1001, reason=None
2022-12-26 17:42:42,098 WebSocket connection closed: code=None, reason=None
2022-12-26 18:33:16,759 WebSocket connection opened
2022-12-26 18:33:16,760 ServerConnection created
2022-12-26 18:36:22,396 WebSocket connection closed: code=1001, reason=None
2022-12-26 18:36:30,884 WebSocket connection opened
2022-12-26 18:36:30,884 ServerConnection created
2022-12-26 18:39:58,604 WebSocket connection closed: code=1001, reason=None
2022-12-26 18:40:10,557 WebSocket connection opened
2022-12-26 18:40:10,557 ServerConnection created
2022-12-26 18:41:15,098 WebSocket connection closed: code=1001, reason=None
2022-12-26 22:07:05,998 WebSocket connection opened
2022-12-26 22:07:06,000 ServerConnection created
2022-12-26 22:07:51,029 WebSocket connection closed: code=1001, reason=None
2022-12-27 08:13:49,716 WebSocket connection opened
2022-12-27 08:13:49,717 ServerConnection created
2022-12-27 08:14:52,558 WebSocket connection closed: code=1001, reason=None
2022-12-27 08:28:58,404 WebSocket connection opened
2022-12-27 08:28:58,626 ServerConnection created
2022-12-27 08:29:07,320 WebSocket connection closed: code=1001, reason=None
2022-12-27 08:29:18,122 WebSocket connection opened
2022-12-27 08:29:18,123 ServerConnection created
2022-12-27 08:30:34,824 error handling message
 message: Message 'PATCH-DOC' content: {'events': [{'kind': 'ModelChanged', 'model': {'id': '3651'}, 'attr': 'value', 'new': 'Pr'}], 'references': []} 
 error: KeyError(9)
Traceback (most recent call last):
  File "/home/bitnami/miniconda3/envs/b243_p39/lib/python3.9/site-packages/pandas/core/indexes/base.py", line 3621, in get_loc
    return self._engine.get_loc(casted_key)
  File "pandas/_libs/index.pyx", line 136, in pandas._libs.index.IndexEngine.get_loc
  File "pandas/_libs/index.pyx", line 163, in pandas._libs.index.IndexEngine.get_loc
  File "pandas/_libs/hashtable_class_helper.pxi", line 2131, in pandas._libs.hashtable.Int64HashTable.get_item
  File "pandas/_libs/hashtable_class_helper.pxi", line 2140, in pandas._libs.hashtable.Int64HashTable.get_item
KeyError: 9

The above exception was the direct cause of the following exception:

Traceback (most recent call last):
  File "/home/bitnami/miniconda3/envs/b243_p39/lib/python3.9/site-packages/bokeh/server/protocol_handler.py", line 97, in handle
    work = await handler(message, connection)
  File "/home/bitnami/miniconda3/envs/b243_p39/lib/python3.9/site-packages/bokeh/server/session.py", line 95, in _needs_document_lock_wrapper
    result = func(self, *args, **kwargs)
  File "/home/bitnami/miniconda3/envs/b243_p39/lib/python3.9/site-packages/bokeh/server/session.py", line 289, in _handle_patch
    message.apply_to_document(self.document, self)
  File "/home/bitnami/miniconda3/envs/b243_p39/lib/python3.9/site-packages/bokeh/protocol/messages/patch_doc.py", line 115, in apply_to_document
    invoke_with_curdoc(doc, lambda: doc.apply_json_patch(self.content, setter))
  File "/home/bitnami/miniconda3/envs/b243_p39/lib/python3.9/site-packages/bokeh/document/callbacks.py", line 408, in invoke_with_curdoc
    return f()
  File "/home/bitnami/miniconda3/envs/b243_p39/lib/python3.9/site-packages/bokeh/protocol/messages/patch_doc.py", line 115, in <lambda>
    invoke_with_curdoc(doc, lambda: doc.apply_json_patch(self.content, setter))
  File "/home/bitnami/miniconda3/envs/b243_p39/lib/python3.9/site-packages/bokeh/document/document.py", line 391, in apply_json_patch
    DocumentPatchedEvent.handle_json(self, event_json, references, setter)
  File "/home/bitnami/miniconda3/envs/b243_p39/lib/python3.9/site-packages/bokeh/document/events.py", line 259, in handle_json
    handler(doc, event_json, references, setter)
  File "/home/bitnami/miniconda3/envs/b243_p39/lib/python3.9/site-packages/bokeh/document/events.py", line 467, in _handle_json
    patched_obj.set_from_json(attr, value, models=references, setter=setter)
  File "/home/bitnami/miniconda3/envs/b243_p39/lib/python3.9/site-packages/bokeh/core/has_props.py", line 384, in set_from_json
    descriptor.set_from_json(self, json, models=models, setter=setter)
  File "/home/bitnami/miniconda3/envs/b243_p39/lib/python3.9/site-packages/bokeh/core/property/descriptors.py", line 378, in set_from_json
    self._set(obj, old, value, setter=setter)
  File "/home/bitnami/miniconda3/envs/b243_p39/lib/python3.9/site-packages/bokeh/core/property/descriptors.py", line 559, in _set
    self._trigger(obj, old, value, hint=hint, setter=setter)
  File "/home/bitnami/miniconda3/envs/b243_p39/lib/python3.9/site-packages/bokeh/core/property/descriptors.py", line 637, in _trigger
    obj.trigger(self.name, old, value, hint, setter)
  File "/home/bitnami/miniconda3/envs/b243_p39/lib/python3.9/site-packages/bokeh/model/model.py", line 567, in trigger
    super().trigger(descriptor.name, old, new, hint=hint, setter=setter)
  File "/home/bitnami/miniconda3/envs/b243_p39/lib/python3.9/site-packages/bokeh/util/callback_manager.py", line 194, in trigger
    self.document.callbacks.notify_change(cast(Model, self), attr, old, new, hint, setter, invoke)
  File "/home/bitnami/miniconda3/envs/b243_p39/lib/python3.9/site-packages/bokeh/document/callbacks.py", line 236, in notify_change
    self.trigger_on_change(event)
  File "/home/bitnami/miniconda3/envs/b243_p39/lib/python3.9/site-packages/bokeh/document/callbacks.py", line 373, in trigger_on_change
    invoke_with_curdoc(doc, event.callback_invoker)
  File "/home/bitnami/miniconda3/envs/b243_p39/lib/python3.9/site-packages/bokeh/document/callbacks.py", line 408, in invoke_with_curdoc
    return f()
  File "/home/bitnami/miniconda3/envs/b243_p39/lib/python3.9/site-packages/bokeh/util/callback_manager.py", line 191, in invoke
    callback(attr, old, new)
  File "/home/bitnami/bokeh/app/alarm/main.py", line 92, in updater
    source.data['m'], source.data['t'], source.data['z'] = an_org(df0, orgdict.get(new))
  File "/home/bitnami/bokeh/app/alarm/main.py", line 35, in an_org
    dftemp = df1.loc[(o,)]
  File "/home/bitnami/miniconda3/envs/b243_p39/lib/python3.9/site-packages/pandas/core/indexing.py", line 961, in __getitem__
    return self._getitem_tuple(key)
  File "/home/bitnami/miniconda3/envs/b243_p39/lib/python3.9/site-packages/pandas/core/indexing.py", line 1140, in _getitem_tuple
    return self._getitem_lowerdim(tup)
  File "/home/bitnami/miniconda3/envs/b243_p39/lib/python3.9/site-packages/pandas/core/indexing.py", line 867, in _getitem_lowerdim
    section = self._getitem_axis(key, axis=i)
  File "/home/bitnami/miniconda3/envs/b243_p39/lib/python3.9/site-packages/pandas/core/indexing.py", line 1202, in _getitem_axis
    return self._get_label(key, axis=axis)
  File "/home/bitnami/miniconda3/envs/b243_p39/lib/python3.9/site-packages/pandas/core/indexing.py", line 1153, in _get_label
    return self.obj.xs(label, axis=axis)
  File "/home/bitnami/miniconda3/envs/b243_p39/lib/python3.9/site-packages/pandas/core/generic.py", line 3869, in xs
    loc, new_index = index._get_loc_level(key, level=0)
  File "/home/bitnami/miniconda3/envs/b243_p39/lib/python3.9/site-packages/pandas/core/indexes/multi.py", line 3115, in _get_loc_level
    indexer = self._get_level_indexer(key, level=level)
  File "/home/bitnami/miniconda3/envs/b243_p39/lib/python3.9/site-packages/pandas/core/indexes/multi.py", line 3224, in _get_level_indexer
    idx = self._get_loc_single_level_index(level_index, key)
  File "/home/bitnami/miniconda3/envs/b243_p39/lib/python3.9/site-packages/pandas/core/indexes/multi.py", line 2804, in _get_loc_single_level_index
    return level_index.get_loc(key)
  File "/home/bitnami/miniconda3/envs/b243_p39/lib/python3.9/site-packages/pandas/core/indexes/base.py", line 3623, in get_loc
    raise KeyError(key) from err
KeyError: 9
2022-12-27 08:30:51,866 error handling message
 message: Message 'PATCH-DOC' content: {'events': [{'kind': 'ModelChanged', 'model': {'id': '3651'}, 'attr': 'value', 'new': 'RD'}], 'references': []} 
 error: KeyError(12)
Traceback (most recent call last):
  File "/home/bitnami/miniconda3/envs/b243_p39/lib/python3.9/site-packages/pandas/core/indexes/base.py", line 3621, in get_loc
    return self._engine.get_loc(casted_key)
  File "pandas/_libs/index.pyx", line 136, in pandas._libs.index.IndexEngine.get_loc
  File "pandas/_libs/index.pyx", line 163, in pandas._libs.index.IndexEngine.get_loc
  File "pandas/_libs/hashtable_class_helper.pxi", line 2131, in pandas._libs.hashtable.Int64HashTable.get_item
  File "pandas/_libs/hashtable_class_helper.pxi", line 2140, in pandas._libs.hashtable.Int64HashTable.get_item
KeyError: 12

The above exception was the direct cause of the following exception:

Traceback (most recent call last):
  File "/home/bitnami/miniconda3/envs/b243_p39/lib/python3.9/site-packages/bokeh/server/protocol_handler.py", line 97, in handle
    work = await handler(message, connection)
  File "/home/bitnami/miniconda3/envs/b243_p39/lib/python3.9/site-packages/bokeh/server/session.py", line 95, in _needs_document_lock_wrapper
    result = func(self, *args, **kwargs)
  File "/home/bitnami/miniconda3/envs/b243_p39/lib/python3.9/site-packages/bokeh/server/session.py", line 289, in _handle_patch
    message.apply_to_document(self.document, self)
  File "/home/bitnami/miniconda3/envs/b243_p39/lib/python3.9/site-packages/bokeh/protocol/messages/patch_doc.py", line 115, in apply_to_document
    invoke_with_curdoc(doc, lambda: doc.apply_json_patch(self.content, setter))
  File "/home/bitnami/miniconda3/envs/b243_p39/lib/python3.9/site-packages/bokeh/document/callbacks.py", line 408, in invoke_with_curdoc
    return f()
  File "/home/bitnami/miniconda3/envs/b243_p39/lib/python3.9/site-packages/bokeh/protocol/messages/patch_doc.py", line 115, in <lambda>
    invoke_with_curdoc(doc, lambda: doc.apply_json_patch(self.content, setter))
  File "/home/bitnami/miniconda3/envs/b243_p39/lib/python3.9/site-packages/bokeh/document/document.py", line 391, in apply_json_patch
    DocumentPatchedEvent.handle_json(self, event_json, references, setter)
  File "/home/bitnami/miniconda3/envs/b243_p39/lib/python3.9/site-packages/bokeh/document/events.py", line 259, in handle_json
    handler(doc, event_json, references, setter)
  File "/home/bitnami/miniconda3/envs/b243_p39/lib/python3.9/site-packages/bokeh/document/events.py", line 467, in _handle_json
    patched_obj.set_from_json(attr, value, models=references, setter=setter)
  File "/home/bitnami/miniconda3/envs/b243_p39/lib/python3.9/site-packages/bokeh/core/has_props.py", line 384, in set_from_json
    descriptor.set_from_json(self, json, models=models, setter=setter)
  File "/home/bitnami/miniconda3/envs/b243_p39/lib/python3.9/site-packages/bokeh/core/property/descriptors.py", line 378, in set_from_json
    self._set(obj, old, value, setter=setter)
  File "/home/bitnami/miniconda3/envs/b243_p39/lib/python3.9/site-packages/bokeh/core/property/descriptors.py", line 559, in _set
    self._trigger(obj, old, value, hint=hint, setter=setter)
  File "/home/bitnami/miniconda3/envs/b243_p39/lib/python3.9/site-packages/bokeh/core/property/descriptors.py", line 637, in _trigger
    obj.trigger(self.name, old, value, hint, setter)
  File "/home/bitnami/miniconda3/envs/b243_p39/lib/python3.9/site-packages/bokeh/model/model.py", line 567, in trigger
    super().trigger(descriptor.name, old, new, hint=hint, setter=setter)
  File "/home/bitnami/miniconda3/envs/b243_p39/lib/python3.9/site-packages/bokeh/util/callback_manager.py", line 194, in trigger
    self.document.callbacks.notify_change(cast(Model, self), attr, old, new, hint, setter, invoke)
  File "/home/bitnami/miniconda3/envs/b243_p39/lib/python3.9/site-packages/bokeh/document/callbacks.py", line 236, in notify_change
    self.trigger_on_change(event)
  File "/home/bitnami/miniconda3/envs/b243_p39/lib/python3.9/site-packages/bokeh/document/callbacks.py", line 373, in trigger_on_change
    invoke_with_curdoc(doc, event.callback_invoker)
  File "/home/bitnami/miniconda3/envs/b243_p39/lib/python3.9/site-packages/bokeh/document/callbacks.py", line 408, in invoke_with_curdoc
    return f()
  File "/home/bitnami/miniconda3/envs/b243_p39/lib/python3.9/site-packages/bokeh/util/callback_manager.py", line 191, in invoke
    callback(attr, old, new)
  File "/home/bitnami/bokeh/app/alarm/main.py", line 92, in updater
    source.data['m'], source.data['t'], source.data['z'] = an_org(df0, orgdict.get(new))
  File "/home/bitnami/bokeh/app/alarm/main.py", line 35, in an_org
    dftemp = df1.loc[(o,)]
  File "/home/bitnami/miniconda3/envs/b243_p39/lib/python3.9/site-packages/pandas/core/indexing.py", line 961, in __getitem__
    return self._getitem_tuple(key)
  File "/home/bitnami/miniconda3/envs/b243_p39/lib/python3.9/site-packages/pandas/core/indexing.py", line 1140, in _getitem_tuple
    return self._getitem_lowerdim(tup)
  File "/home/bitnami/miniconda3/envs/b243_p39/lib/python3.9/site-packages/pandas/core/indexing.py", line 867, in _getitem_lowerdim
    section = self._getitem_axis(key, axis=i)
  File "/home/bitnami/miniconda3/envs/b243_p39/lib/python3.9/site-packages/pandas/core/indexing.py", line 1202, in _getitem_axis
    return self._get_label(key, axis=axis)
  File "/home/bitnami/miniconda3/envs/b243_p39/lib/python3.9/site-packages/pandas/core/indexing.py", line 1153, in _get_label
    return self.obj.xs(label, axis=axis)
  File "/home/bitnami/miniconda3/envs/b243_p39/lib/python3.9/site-packages/pandas/core/generic.py", line 3869, in xs
    loc, new_index = index._get_loc_level(key, level=0)
  File "/home/bitnami/miniconda3/envs/b243_p39/lib/python3.9/site-packages/pandas/core/indexes/multi.py", line 3115, in _get_loc_level
    indexer = self._get_level_indexer(key, level=level)
  File "/home/bitnami/miniconda3/envs/b243_p39/lib/python3.9/site-packages/pandas/core/indexes/multi.py", line 3224, in _get_level_indexer
    idx = self._get_loc_single_level_index(level_index, key)
  File "/home/bitnami/miniconda3/envs/b243_p39/lib/python3.9/site-packages/pandas/core/indexes/multi.py", line 2804, in _get_loc_single_level_index
    return level_index.get_loc(key)
  File "/home/bitnami/miniconda3/envs/b243_p39/lib/python3.9/site-packages/pandas/core/indexes/base.py", line 3623, in get_loc
    raise KeyError(key) from err
KeyError: 12
2022-12-27 14:42:26,195 Starting Bokeh server version 2.4.3 (running on Tornado 6.0.4)
2022-12-27 14:42:26,196 Host wildcard '*' will allow connections originating from multiple (or possibly all) hostnames or IPs. Use non-wildcard values to restrict access explicitly
2022-12-27 14:42:26,198 User authentication hooks NOT provided (default user enabled)
2022-12-27 14:42:26,203 Bokeh app running at: http://localhost:5055/alarm/alarm
2022-12-27 14:42:26,203 Starting Bokeh server with process id: 29499
2022-12-27 14:42:39,252 WebSocket connection opened
2022-12-27 14:42:39,252 ServerConnection created
2022-12-27 14:52:59,808 WebSocket connection closed: code=1001, reason=None
2022-12-27 14:53:10,488 WebSocket connection opened
2022-12-27 14:53:10,488 ServerConnection created
2022-12-27 15:00:18,027 WebSocket connection closed: code=1001, reason=None
2022-12-27 15:00:30,400 WebSocket connection opened
2022-12-27 15:00:30,401 ServerConnection created
2022-12-27 15:04:26,266 WebSocket connection closed: code=1001, reason=None
2022-12-27 15:04:36,255 WebSocket connection opened
2022-12-27 15:04:36,256 ServerConnection created
2022-12-27 15:11:50,780 WebSocket connection closed: code=1001, reason=None
2022-12-27 15:12:05,581 WebSocket connection opened
2022-12-27 15:12:05,581 ServerConnection created
2022-12-27 15:13:28,133 WebSocket connection closed: code=1001, reason=None
2022-12-27 15:13:38,297 WebSocket connection opened
2022-12-27 15:13:38,297 ServerConnection created
2022-12-27 15:14:34,854 WebSocket connection closed: code=1001, reason=None
2022-12-27 15:15:01,600 WebSocket connection opened
2022-12-27 15:15:01,600 ServerConnection created
2022-12-27 15:19:13,083 Starting Bokeh server version 2.4.3 (running on Tornado 6.0.4)
2022-12-27 15:19:13,084 Host wildcard '*' will allow connections originating from multiple (or possibly all) hostnames or IPs. Use non-wildcard values to restrict access explicitly
2022-12-27 15:19:13,085 User authentication hooks NOT provided (default user enabled)
2022-12-27 15:19:13,087 Bokeh app running at: http://localhost:5055/alarm/alarm
2022-12-27 15:19:13,087 Starting Bokeh server with process id: 30216
2022-12-27 15:21:40,341 WebSocket connection opened
2022-12-27 15:21:40,343 ServerConnection created
2022-12-27 15:24:25,149 WebSocket connection closed: code=1001, reason=None
2022-12-27 15:24:56,441 WebSocket connection opened
2022-12-27 15:24:56,441 ServerConnection created
2022-12-27 15:25:41,851 WebSocket connection closed: code=1001, reason=None
2022-12-27 15:28:16,848 WebSocket connection opened
2022-12-27 15:28:16,849 ServerConnection created
2022-12-27 15:28:23,656 WebSocket connection closed: code=1001, reason=None
2022-12-27 15:28:31,748 WebSocket connection opened
2022-12-27 15:28:31,749 ServerConnection created
2022-12-27 15:28:48,089 WebSocket connection closed: code=1001, reason=None
2022-12-27 15:28:52,173 WebSocket connection opened
2022-12-27 15:28:52,174 ServerConnection created
2022-12-27 15:29:28,367 WebSocket connection closed: code=1001, reason=None
2022-12-27 15:29:59,140 WebSocket connection opened
2022-12-27 15:29:59,140 ServerConnection created
2022-12-27 15:30:18,244 WebSocket connection closed: code=1001, reason=None
2022-12-27 15:30:27,244 WebSocket connection opened
2022-12-27 15:30:27,244 ServerConnection created
2022-12-27 15:30:30,802 WebSocket connection closed: code=1001, reason=None
2022-12-27 15:30:49,173 WebSocket connection opened
2022-12-27 15:30:49,175 ServerConnection created
2022-12-27 15:31:30,193 WebSocket connection closed: code=1001, reason=None
2022-12-27 15:31:49,587 WebSocket connection opened
2022-12-27 15:31:49,589 ServerConnection created
2022-12-27 15:31:55,116 WebSocket connection closed: code=1001, reason=None
2022-12-27 15:32:01,936 WebSocket connection opened
2022-12-27 15:32:01,937 ServerConnection created
2022-12-27 16:01:30,565 Starting Bokeh server version 2.4.3 (running on Tornado 6.0.4)
2022-12-27 16:01:30,567 Host wildcard '*' will allow connections originating from multiple (or possibly all) hostnames or IPs. Use non-wildcard values to restrict access explicitly
2022-12-27 16:01:30,568 User authentication hooks NOT provided (default user enabled)
2022-12-27 16:01:30,571 Bokeh app running at: http://localhost:5055/alarm/alarm
2022-12-27 16:01:30,571 Starting Bokeh server with process id: 30971
2022-12-27 16:01:46,181 WebSocket connection opened
2022-12-27 16:01:46,181 ServerConnection created
2022-12-27 16:01:57,299 WebSocket connection closed: code=1001, reason=None
2022-12-27 16:02:04,547 WebSocket connection opened
2022-12-27 16:02:04,547 ServerConnection created
2022-12-27 16:02:19,130 WebSocket connection closed: code=1001, reason=None
2022-12-27 16:02:33,109 WebSocket connection opened
2022-12-27 16:02:33,109 ServerConnection created
2022-12-27 16:14:01,113 WebSocket connection opened
2022-12-27 16:14:01,115 ServerConnection created
2022-12-27 16:14:58,792 WebSocket connection closed: code=1001, reason=None
2022-12-27 17:00:27,337 WebSocket connection opened
2022-12-27 17:00:27,337 ServerConnection created
2022-12-27 17:00:55,060 WebSocket connection closed: code=1001, reason=None
2022-12-27 17:21:28,397 WebSocket connection opened
2022-12-27 17:21:28,398 ServerConnection created
2022-12-27 17:23:37,010 WebSocket connection closed: code=None, reason=None
2022-12-27 17:27:09,863 WebSocket connection closed: code=None, reason=None
2022-12-27 17:31:24,036 WebSocket connection opened
2022-12-27 17:31:24,036 ServerConnection created
2022-12-27 17:31:36,272 WebSocket connection closed: code=1001, reason=None
2022-12-27 20:05:45,907 WebSocket connection opened
2022-12-27 20:05:45,908 ServerConnection created
2022-12-27 20:26:29,275 WebSocket connection opened
2022-12-27 20:26:29,276 ServerConnection created
2022-12-27 20:36:48,042 WebSocket connection closed: code=1001, reason=None
2022-12-27 20:36:53,618 WebSocket connection opened
2022-12-27 20:36:53,618 ServerConnection created
2022-12-27 20:50:16,921 WebSocket connection opened
2022-12-27 20:50:16,921 ServerConnection created
2022-12-27 20:50:45,847 WebSocket connection closed: code=1001, reason=None
2022-12-27 21:29:03,842 WebSocket connection closed: code=1001, reason=None
2022-12-27 21:29:04,752 WebSocket connection opened
2022-12-27 21:29:04,753 ServerConnection created
2022-12-27 22:01:41,286 WebSocket connection closed: code=None, reason=None
2022-12-27 22:25:21,723 WebSocket connection opened
2022-12-27 22:25:21,724 ServerConnection created
2022-12-27 22:58:37,362 WebSocket connection closed: code=None, reason=None
2022-12-28 07:52:24,204 WebSocket connection closed: code=1001, reason=None
2022-12-28 07:52:40,925 WebSocket connection opened
2022-12-28 07:52:40,926 ServerConnection created
2022-12-28 08:19:49,621 WebSocket connection closed: code=1001, reason=None
2022-12-28 08:20:10,562 WebSocket connection opened
2022-12-28 08:20:10,563 ServerConnection created
2022-12-28 12:49:35,870 WebSocket connection closed: code=1001, reason=None
2022-12-28 12:52:03,717 WebSocket connection opened
2022-12-28 12:52:03,718 ServerConnection created
2022-12-28 18:15:52,946 WebSocket connection closed: code=None, reason=None
2022-12-28 20:26:15,609 WebSocket connection opened
2022-12-28 20:26:15,610 ServerConnection created
2022-12-28 20:26:20,040 WebSocket connection closed: code=1001, reason=None
2022-12-28 22:33:28,397 WebSocket connection opened
2022-12-28 22:33:28,397 ServerConnection created
2022-12-28 22:33:44,290 WebSocket connection closed: code=1001, reason=None
2022-12-28 22:33:52,011 WebSocket connection opened
2022-12-28 22:33:52,011 ServerConnection created
2022-12-28 22:50:06,386 WebSocket connection closed: code=None, reason=None
2022-12-29 16:21:56,221 WebSocket connection opened
2022-12-29 16:21:56,222 ServerConnection created
2022-12-29 16:23:18,123 WebSocket connection closed: code=1001, reason=None
2022-12-29 16:23:24,559 WebSocket connection opened
2022-12-29 16:23:24,560 ServerConnection created
2022-12-29 17:41:19,922 WebSocket connection closed: code=None, reason=None
2022-12-30 08:14:20,483 WebSocket connection opened
2022-12-30 08:14:20,483 ServerConnection created
2022-12-30 08:14:48,930 WebSocket connection closed: code=1001, reason=None
2022-12-30 08:14:54,629 WebSocket connection opened
2022-12-30 08:14:54,629 ServerConnection created
2022-12-30 11:04:59,130 WebSocket connection closed: code=1001, reason=None
2022-12-31 08:44:10,299 WebSocket connection opened
2022-12-31 08:44:10,302 ServerConnection created
2022-12-31 22:59:55,442 WebSocket connection closed: code=None, reason=None
2023-01-02 09:48:26,460 WebSocket connection opened
2023-01-02 09:48:26,462 ServerConnection created
2023-01-02 13:36:28,850 WebSocket connection closed: code=None, reason=None
2023-01-04 08:14:37,809 WebSocket connection opened
2023-01-04 08:14:37,848 ServerConnection created
2023-01-04 08:21:49,955 WebSocket connection closed: code=1001, reason=None
2023-01-05 10:50:08,124 WebSocket connection opened
2023-01-05 10:50:08,125 ServerConnection created
2023-01-05 10:52:05,125 WebSocket connection closed: code=1001, reason=None
2023-01-06 11:29:09,531 WebSocket connection opened
2023-01-06 11:29:09,532 ServerConnection created
2023-01-06 11:29:15,573 WebSocket connection closed: code=1001, reason=None
2023-01-06 11:30:33,148 WebSocket connection opened
2023-01-06 11:30:33,148 ServerConnection created
2023-01-06 11:47:20,895 WebSocket connection closed: code=1001, reason=None
2023-01-06 11:47:31,677 WebSocket connection opened
2023-01-06 11:47:31,678 ServerConnection created
2023-01-06 11:47:52,462 WebSocket connection closed: code=1001, reason=None
2023-01-06 11:47:58,067 WebSocket connection opened
2023-01-06 11:47:58,068 ServerConnection created
2023-01-06 11:48:15,324 WebSocket connection closed: code=1001, reason=None
2023-01-06 11:48:20,692 WebSocket connection opened
2023-01-06 11:48:20,692 ServerConnection created
2023-01-06 11:49:14,748 WebSocket connection closed: code=1001, reason=None
2023-01-06 11:49:31,405 WebSocket connection opened
2023-01-06 11:49:31,406 ServerConnection created
2023-01-06 11:57:36,842 WebSocket connection closed: code=1001, reason=None
2023-01-06 11:57:50,745 WebSocket connection opened
2023-01-06 11:57:50,745 ServerConnection created
2023-01-06 11:57:58,818 WebSocket connection closed: code=1001, reason=None
2023-01-06 11:58:03,943 WebSocket connection opened
2023-01-06 11:58:03,943 ServerConnection created
2023-01-06 12:09:58,736 WebSocket connection closed: code=1001, reason=None
2023-01-06 12:10:08,789 WebSocket connection opened
2023-01-06 12:10:08,790 ServerConnection created
2023-01-06 12:10:35,533 WebSocket connection closed: code=1001, reason=None
2023-01-06 12:10:48,569 WebSocket connection opened
2023-01-06 12:10:48,569 ServerConnection created
2023-01-06 12:19:08,256 WebSocket connection closed: code=1001, reason=None
2023-01-06 12:19:15,112 WebSocket connection opened
2023-01-06 12:19:15,113 ServerConnection created
2023-01-06 12:19:21,724 WebSocket connection closed: code=1001, reason=None
2023-01-06 12:19:26,423 WebSocket connection opened
2023-01-06 12:19:26,423 ServerConnection created
2023-01-06 12:23:07,954 WebSocket connection closed: code=1001, reason=None
2023-01-06 12:23:13,404 WebSocket connection opened
2023-01-06 12:23:13,404 ServerConnection created
2023-01-06 12:23:18,979 WebSocket connection closed: code=1001, reason=None
2023-01-06 12:23:24,535 WebSocket connection opened
2023-01-06 12:23:24,536 ServerConnection created
2023-01-06 12:24:20,817 WebSocket connection closed: code=1001, reason=None
2023-01-06 12:24:32,039 WebSocket connection opened
2023-01-06 12:24:32,039 ServerConnection created
2023-01-06 12:25:40,860 WebSocket connection closed: code=1001, reason=None
2023-01-06 12:25:45,193 WebSocket connection opened
2023-01-06 12:25:45,194 ServerConnection created
2023-01-06 12:27:47,455 WebSocket connection closed: code=1001, reason=None
2023-01-06 12:27:50,218 WebSocket connection opened
2023-01-06 12:27:50,218 ServerConnection created
2023-01-06 12:27:54,287 WebSocket connection closed: code=1001, reason=None
2023-01-06 12:28:01,606 WebSocket connection opened
2023-01-06 12:28:01,607 ServerConnection created
2023-01-06 12:28:31,824 WebSocket connection closed: code=1001, reason=None
2023-01-06 12:28:35,621 WebSocket connection opened
2023-01-06 12:28:35,622 ServerConnection created
2023-01-06 12:29:08,750 WebSocket connection closed: code=1001, reason=None
2023-01-06 12:29:24,486 WebSocket connection opened
2023-01-06 12:29:24,487 ServerConnection created
2023-01-06 12:29:39,724 WebSocket connection closed: code=1001, reason=None
2023-01-06 12:29:55,010 WebSocket connection opened
2023-01-06 12:29:55,011 ServerConnection created
2023-01-06 12:30:30,503 WebSocket connection opened
2023-01-06 12:30:30,504 ServerConnection created
2023-01-06 12:30:42,263 WebSocket connection closed: code=1001, reason=None
2023-01-06 12:30:50,971 WebSocket connection closed: code=1001, reason=None
2023-01-06 12:30:52,190 WebSocket connection opened
2023-01-06 12:30:52,190 ServerConnection created
2023-01-06 14:06:20,850 WebSocket connection closed: code=None, reason=None
2023-01-06 14:31:33,593 WebSocket connection opened
2023-01-06 14:31:33,593 ServerConnection created
2023-01-06 14:52:00,906 WebSocket connection closed: code=1001, reason=None
2023-02-23 10:14:41,739 WebSocket connection opened
2023-02-23 10:14:41,758 ServerConnection created
2023-02-23 10:14:50,705 WebSocket connection closed: code=1001, reason=None
2023-03-11 16:51:40,697 WebSocket connection opened
2023-03-11 16:51:40,738 ServerConnection created
2023-03-11 16:51:53,796 WebSocket connection closed: code=1001, reason=None
2023-03-17 04:52:39,195 WebSocket connection opened
2023-03-17 04:52:39,229 ServerConnection created
2023-03-17 04:52:46,597 WebSocket connection closed: code=1001, reason=None
2023-05-08 13:48:26,534 WebSocket connection opened
2023-05-08 13:48:26,568 ServerConnection created
2023-05-08 13:48:40,419 WebSocket connection closed: code=1001, reason=None
2023-05-08 14:12:16,467 WebSocket connection opened
2023-05-08 14:12:16,468 ServerConnection created
2023-05-08 14:12:26,513 WebSocket connection closed: code=1001, reason=None
2023-05-09 12:20:52,779 WebSocket connection opened
2023-05-09 12:20:52,810 ServerConnection created
2023-05-09 12:23:36,920 WebSocket connection closed: code=1001, reason=None
2023-05-10 06:24:55,926 WebSocket connection opened
2023-05-10 06:24:55,928 ServerConnection created
2023-05-10 06:25:45,101 WebSocket connection closed: code=1001, reason=None
2023-05-10 09:15:12,224 WebSocket connection opened
2023-05-10 09:15:12,224 ServerConnection created
2023-05-10 09:15:26,737 WebSocket connection closed: code=1001, reason=None
2023-05-10 15:04:44,668 WebSocket connection opened
2023-05-10 15:04:44,669 ServerConnection created
2023-05-10 15:07:25,932 WebSocket connection closed: code=1001, reason=None
2023-05-11 06:29:17,188 WebSocket connection opened
2023-05-11 06:29:17,190 ServerConnection created
2023-05-11 06:33:03,991 WebSocket connection closed: code=1001, reason=None
2023-05-15 08:40:30,562 404 GET /alarms/alarm1/autoload.js?bokeh-autoload-element=1002&bokeh-app-path=/alarms/alarm1&bokeh-absolute-url=https://demo.medisante-group.com/alarms/alarm1 (85.2.241.22) 0.57ms
2023-05-15 08:41:37,917 404 GET /alarms/alarm1/autoload.js?bokeh-autoload-element=1002&bokeh-app-path=/alarms/alarm1&bokeh-absolute-url=https://demo.medisante-group.com/alarms/alarm1 (85.2.241.22) 0.55ms
2023-05-15 08:42:01,084 404 GET /alarms/alarm1/autoload.js?bokeh-autoload-element=1002&bokeh-app-path=/alarms/alarm1&bokeh-absolute-url=https://demo.medisante-group.com/alarms/alarm1 (85.2.241.22) 0.56ms
2023-05-15 08:48:19,094 404 GET /alarms/alarm1/autoload.js?bokeh-autoload-element=1113&bokeh-app-path=/alarms/alarm1&bokeh-absolute-url=https://demo.medisante-group.com/alarms/alarm1 (85.2.241.22) 0.50ms
2023-05-15 10:58:10,736 404 GET /alarms/alarm1/autoload.js?bokeh-autoload-element=1002&bokeh-app-path=/alarms/alarm1&bokeh-absolute-url=https://demo.medisante-group.com/alarms/alarm1 (85.2.241.22) 0.47ms
2023-05-15 12:30:09,845 404 GET /alarms/alarm1/autoload.js?bokeh-autoload-element=1113&bokeh-app-path=/alarms/alarm1&bokeh-absolute-url=https://demo.medisante-group.com/alarms/alarm1 (85.2.241.22) 0.70ms
2023-05-15 12:51:14,039 404 GET /alarms/alarm1/autoload.js?bokeh-autoload-element=1002&bokeh-app-path=/alarms/alarm1&bokeh-absolute-url=https://demo.medisante-group.com/alarms/alarm1 (85.2.241.22) 0.50ms
2023-05-15 12:51:38,063 404 GET /alarms/alarm1/autoload.js?bokeh-autoload-element=1114&bokeh-app-path=/alarms/alarm1&bokeh-absolute-url=https://demo.medisante-group.com/alarms/alarm1 (85.2.241.22) 0.48ms
2023-05-15 17:33:40,843 404 GET /alarms/alarm1/autoload.js?bokeh-autoload-element=1002&bokeh-app-path=/alarms/alarm1&bokeh-absolute-url=https://demo.medisante-group.com/alarms/alarm1 (85.2.241.22) 0.55ms
2023-05-15 17:35:37,207 404 GET /alarms/alarm1 (85.2.241.22) 0.47ms
2023-05-15 17:35:48,839 404 GET /alarms/alarm (85.2.241.22) 0.51ms
2023-05-15 17:35:55,845 404 GET /alarms/alarms (85.2.241.22) 0.51ms
2023-05-15 17:36:17,255 WebSocket connection opened
2023-05-15 17:36:17,255 ServerConnection created
2023-05-15 17:36:57,163 WebSocket connection opened
2023-05-15 17:36:57,164 ServerConnection created
2023-05-15 17:37:52,065 WebSocket connection closed: code=1001, reason=None
2023-05-15 21:05:39,762 WebSocket connection closed: code=None, reason=None
2023-05-16 16:11:34,981 WebSocket connection opened
2023-05-16 16:11:34,990 ServerConnection created
2023-05-16 16:11:36,903 WebSocket connection closed: code=1001, reason=None
2023-05-21 11:52:23,380 WebSocket connection opened
2023-05-21 11:52:23,417 ServerConnection created
2023-05-21 11:52:33,683 WebSocket connection closed: code=1001, reason=None
2023-05-22 08:06:22,495 WebSocket connection opened
2023-05-22 08:06:22,499 ServerConnection created
2023-05-22 08:06:56,198 WebSocket connection closed: code=1001, reason=None
2023-05-22 08:06:58,304 WebSocket connection opened
2023-05-22 08:06:58,305 ServerConnection created
2023-05-22 09:16:32,086 WebSocket connection opened
2023-05-22 09:16:32,087 ServerConnection created
2023-05-22 09:16:34,771 WebSocket connection closed: code=1001, reason=None
2023-05-22 09:21:51,809 WebSocket connection opened
2023-05-22 09:21:51,810 ServerConnection created
2023-05-22 09:23:01,529 WebSocket connection closed: code=1001, reason=None
2023-05-22 18:45:18,542 WebSocket connection closed: code=None, reason=None
2023-05-23 12:05:21,039 WebSocket connection opened
2023-05-23 12:05:21,077 ServerConnection created
2023-05-23 12:06:24,709 WebSocket connection closed: code=1001, reason=None
2023-05-24 13:52:30,396 WebSocket connection opened
2023-05-24 13:52:30,404 ServerConnection created
2023-05-24 13:53:02,316 WebSocket connection closed: code=1001, reason=None
